20:41:21.637 [main] INFO  c.t.thepet.ThepetApplication - Starting ThepetApplication using Java 17.0.7 with PID 10760 (C:\dev\thepet\out\production\classes started by KOSA in C:\dev\thepet)
20:41:21.640 [main] INFO  c.t.thepet.ThepetApplication - No active profile set, falling back to 1 default profile: "default"
20:41:22.787 [main] INFO  o.s.d.r.c.RepositoryConfigurationDelegate - Multiple Spring Data modules found, entering strict repository configuration mode
20:41:22.790 [main] INFO  o.s.d.r.c.RepositoryConfigurationDelegate - Bootstrapping Spring Data Redis repositories in DEFAULT mode.
20:41:22.836 [main] INFO  o.s.d.r.c.RepositoryConfigurationDelegate - Finished Spring Data repository scanning in 24 ms. Found 0 Redis repository interfaces.
20:41:24.030 [main] INFO  o.s.b.w.e.tomcat.TomcatWebServer - Tomcat initialized with port(s): 8080 (http)
20:41:24.042 [main] INFO  o.a.coyote.http11.Http11NioProtocol - Initializing ProtocolHandler ["http-nio-8080"]
20:41:24.043 [main] INFO  o.a.catalina.core.StandardService - Starting service [Tomcat]
20:41:24.043 [main] INFO  o.a.catalina.core.StandardEngine - Starting Servlet engine: [Apache Tomcat/10.1.5]
20:41:24.186 [main] INFO  o.a.c.c.C.[Tomcat].[localhost].[/] - Initializing Spring embedded WebApplicationContext
20:41:24.189 [main] INFO  o.s.b.w.s.c.ServletWebServerApplicationContext - Root WebApplicationContext: initialization completed in 2474 ms
20:41:27.192 [main] INFO  o.a.coyote.http11.Http11NioProtocol - Starting ProtocolHandler ["http-nio-8080"]
20:41:27.227 [main] INFO  o.s.b.w.e.tomcat.TomcatWebServer - Tomcat started on port(s): 8080 (http) with context path ''
20:41:27.245 [main] INFO  c.t.thepet.ThepetApplication - Started ThepetApplication in 6.363 seconds (process running for 6.987)
20:42:34.450 [http-nio-8080-exec-1] INFO  o.a.c.c.C.[Tomcat].[localhost].[/] - Initializing Spring DispatcherServlet 'dispatcherServlet'
20:42:34.450 [http-nio-8080-exec-1] INFO  o.s.web.servlet.DispatcherServlet - Initializing Servlet 'dispatcherServlet'
20:42:34.454 [http-nio-8080-exec-1] INFO  o.s.web.servlet.DispatcherServlet - Completed initialization in 4 ms
20:42:34.547 [http-nio-8080-exec-1] WARN  o.s.c.LocalVariableTableParameterNameDiscoverer - Using deprecated '-debug' fallback for parameter name resolution. Compile the affected code with '-parameters' instead or avoid its introspection: com.thehyundai.thepet.domain.product.ProductController
20:42:34.581 [http-nio-8080-exec-1] INFO  c.t.t.d.product.ProductController - FilterVO(mainFilter=, subFilter=[], proteinFilter=[], page=null)
20:42:34.668 [http-nio-8080-exec-1] INFO  com.zaxxer.hikari.HikariDataSource - HikariPool-1 - Starting...
20:42:35.292 [http-nio-8080-exec-1] INFO  com.zaxxer.hikari.pool.HikariPool - HikariPool-1 - Added connection oracle.jdbc.driver.T4CConnection@7839a480
20:42:35.295 [http-nio-8080-exec-1] INFO  com.zaxxer.hikari.HikariDataSource - HikariPool-1 - Start completed.
20:42:35.564 [http-nio-8080-exec-1] INFO  c.t.t.d.product.ProductServiceImpl - ProductListVO(products=[com.thehyundai.thepet.domain.product.ProductVO@bcc092a3, com.thehyundai.thepet.domain.product.ProductVO@bcc092a4, com.thehyundai.thepet.domain.product.ProductVO@bcc092a5, com.thehyundai.thepet.domain.product.ProductVO@bcc092a6, com.thehyundai.thepet.domain.product.ProductVO@bcc092a7, com.thehyundai.thepet.domain.product.ProductVO@bcc092a8, com.thehyundai.thepet.domain.product.ProductVO@bcc092a9, com.thehyundai.thepet.domain.product.ProductVO@bcc092aa, com.thehyundai.thepet.domain.product.ProductVO@bcc092c0, com.thehyundai.thepet.domain.product.ProductVO@bcc092c1, com.thehyundai.thepet.domain.product.ProductVO@bcc092c2, com.thehyundai.thepet.domain.product.ProductVO@bcc092c3, com.thehyundai.thepet.domain.product.ProductVO@bcc092c4, com.thehyundai.thepet.domain.product.ProductVO@bcc092c5, com.thehyundai.thepet.domain.product.ProductVO@bcc092c6, com.thehyundai.thepet.domain.product.ProductVO@bcc092c7, com.thehyundai.thepet.domain.product.ProductVO@bcc092c8, com.thehyundai.thepet.domain.product.ProductVO@bcc092c9, com.thehyundai.thepet.domain.product.ProductVO@bcc092df, com.thehyundai.thepet.domain.product.ProductVO@bcc092e0], count=null)
20:42:35.578 [http-nio-8080-exec-1] INFO  c.t.t.d.product.ProductServiceImpl - ProductListVO(products=[com.thehyundai.thepet.domain.product.ProductVO@bcc092a3, com.thehyundai.thepet.domain.product.ProductVO@bcc092a4, com.thehyundai.thepet.domain.product.ProductVO@bcc092a5, com.thehyundai.thepet.domain.product.ProductVO@bcc092a6, com.thehyundai.thepet.domain.product.ProductVO@bcc092a7, com.thehyundai.thepet.domain.product.ProductVO@bcc092a8, com.thehyundai.thepet.domain.product.ProductVO@bcc092a9, com.thehyundai.thepet.domain.product.ProductVO@bcc092aa, com.thehyundai.thepet.domain.product.ProductVO@bcc092c0, com.thehyundai.thepet.domain.product.ProductVO@bcc092c1, com.thehyundai.thepet.domain.product.ProductVO@bcc092c2, com.thehyundai.thepet.domain.product.ProductVO@bcc092c3, com.thehyundai.thepet.domain.product.ProductVO@bcc092c4, com.thehyundai.thepet.domain.product.ProductVO@bcc092c5, com.thehyundai.thepet.domain.product.ProductVO@bcc092c6, com.thehyundai.thepet.domain.product.ProductVO@bcc092c7, com.thehyundai.thepet.domain.product.ProductVO@bcc092c8, com.thehyundai.thepet.domain.product.ProductVO@bcc092c9, com.thehyundai.thepet.domain.product.ProductVO@bcc092df, com.thehyundai.thepet.domain.product.ProductVO@bcc092e0], count=2829)
20:42:38.063 [http-nio-8080-exec-3] WARN  o.s.c.LocalVariableTableParameterNameDiscoverer - Using deprecated '-debug' fallback for parameter name resolution. Compile the affected code with '-parameters' instead or avoid its introspection: com.thehyundai.thepet.domain.mypet.pet.PetServiceImpl
20:42:38.609 [http-nio-8080-exec-3] ERROR c.t.t.g.e.GlobalExceptionHandler - [INTERNAL SERVER EXCEPTION EXCEPTION HANDLING] 
org.springframework.data.redis.RedisConnectionFailureException: Unable to connect to Redis
	at org.springframework.data.redis.connection.lettuce.LettuceConnectionFactory$ExceptionTranslatingConnectionProvider.translateException(LettuceConnectionFactory.java:1602)
	at org.springframework.data.redis.connection.lettuce.LettuceConnectionFactory$ExceptionTranslatingConnectionProvider.getConnection(LettuceConnectionFactory.java:1533)
	at org.springframework.data.redis.connection.lettuce.LettuceConnectionFactory$SharedConnection.getNativeConnection(LettuceConnectionFactory.java:1358)
	at org.springframework.data.redis.connection.lettuce.LettuceConnectionFactory$SharedConnection.getConnection(LettuceConnectionFactory.java:1341)
	at org.springframework.data.redis.connection.lettuce.LettuceConnectionFactory.getSharedConnection(LettuceConnectionFactory.java:1059)
	at org.springframework.data.redis.connection.lettuce.LettuceConnectionFactory.getConnection(LettuceConnectionFactory.java:398)
	at org.springframework.data.redis.cache.DefaultRedisCacheWriter.execute(DefaultRedisCacheWriter.java:272)
	at org.springframework.data.redis.cache.DefaultRedisCacheWriter.get(DefaultRedisCacheWriter.java:122)
	at org.springframework.data.redis.cache.RedisCache.lookup(RedisCache.java:86)
	at org.springframework.cache.support.AbstractValueAdaptingCache.get(AbstractValueAdaptingCache.java:58)
	at org.springframework.cache.interceptor.AbstractCacheInvoker.doGet(AbstractCacheInvoker.java:73)
	at org.springframework.cache.interceptor.CacheAspectSupport.findInCaches(CacheAspectSupport.java:571)
	at org.springframework.cache.interceptor.CacheAspectSupport.findCachedItem(CacheAspectSupport.java:536)
	at org.springframework.cache.interceptor.CacheAspectSupport.execute(CacheAspectSupport.java:402)
	at org.springframework.cache.interceptor.CacheAspectSupport.execute(CacheAspectSupport.java:345)
	at org.springframework.cache.interceptor.CacheInterceptor.invoke(CacheInterceptor.java:64)
	at org.springframework.aop.framework.ReflectiveMethodInvocation.proceed(ReflectiveMethodInvocation.java:184)
	at org.springframework.aop.framework.CglibAopProxy$CglibMethodInvocation.proceed(CglibAopProxy.java:752)
	at org.springframework.aop.framework.CglibAopProxy$DynamicAdvisedInterceptor.intercept(CglibAopProxy.java:703)
	at com.thehyundai.thepet.domain.mypet.pet.PetServiceImpl$$SpringCGLIB$$0.myPet(<generated>)
	at com.thehyundai.thepet.domain.mypet.pet.PetController.myPet(PetController.java:35)
	at java.base/jdk.internal.reflect.NativeMethodAccessorImpl.invoke0(Native Method)
	at java.base/jdk.internal.reflect.NativeMethodAccessorImpl.invoke(NativeMethodAccessorImpl.java:77)
	at java.base/jdk.internal.reflect.DelegatingMethodAccessorImpl.invoke(DelegatingMethodAccessorImpl.java:43)
	at java.base/java.lang.reflect.Method.invoke(Method.java:568)
	at org.springframework.aop.support.AopUtils.invokeJoinpointUsingReflection(AopUtils.java:343)
	at org.springframework.aop.framework.ReflectiveMethodInvocation.invokeJoinpoint(ReflectiveMethodInvocation.java:196)
	at org.springframework.aop.framework.ReflectiveMethodInvocation.proceed(ReflectiveMethodInvocation.java:163)
	at org.springframework.aop.framework.CglibAopProxy$CglibMethodInvocation.proceed(CglibAopProxy.java:752)
	at org.springframework.aop.aspectj.MethodInvocationProceedingJoinPoint.proceed(MethodInvocationProceedingJoinPoint.java:89)
	at com.thehyundai.thepet.global.timetrace.TimeTraceAspect.traceTime(TimeTraceAspect.java:27)
	at java.base/jdk.internal.reflect.NativeMethodAccessorImpl.invoke0(Native Method)
	at java.base/jdk.internal.reflect.NativeMethodAccessorImpl.invoke(NativeMethodAccessorImpl.java:77)
	at java.base/jdk.internal.reflect.DelegatingMethodAccessorImpl.invoke(DelegatingMethodAccessorImpl.java:43)
	at java.base/java.lang.reflect.Method.invoke(Method.java:568)
	at org.springframework.aop.aspectj.AbstractAspectJAdvice.invokeAdviceMethodWithGivenArgs(AbstractAspectJAdvice.java:633)
	at org.springframework.aop.aspectj.AbstractAspectJAdvice.invokeAdviceMethod(AbstractAspectJAdvice.java:623)
	at org.springframework.aop.aspectj.AspectJAroundAdvice.invoke(AspectJAroundAdvice.java:71)
	at org.springframework.aop.framework.ReflectiveMethodInvocation.proceed(ReflectiveMethodInvocation.java:173)
	at org.springframework.aop.framework.CglibAopProxy$CglibMethodInvocation.proceed(CglibAopProxy.java:752)
	at org.springframework.aop.interceptor.ExposeInvocationInterceptor.invoke(ExposeInvocationInterceptor.java:97)
	at org.springframework.aop.framework.ReflectiveMethodInvocation.proceed(ReflectiveMethodInvocation.java:184)
	at org.springframework.aop.framework.CglibAopProxy$CglibMethodInvocation.proceed(CglibAopProxy.java:752)
	at org.springframework.aop.framework.CglibAopProxy$DynamicAdvisedInterceptor.intercept(CglibAopProxy.java:703)
	at com.thehyundai.thepet.domain.mypet.pet.PetController$$SpringCGLIB$$0.myPet(<generated>)
	at java.base/jdk.internal.reflect.NativeMethodAccessorImpl.invoke0(Native Method)
	at java.base/jdk.internal.reflect.NativeMethodAccessorImpl.invoke(NativeMethodAccessorImpl.java:77)
	at java.base/jdk.internal.reflect.DelegatingMethodAccessorImpl.invoke(DelegatingMethodAccessorImpl.java:43)
	at java.base/java.lang.reflect.Method.invoke(Method.java:568)
	at org.springframework.web.method.support.InvocableHandlerMethod.doInvoke(InvocableHandlerMethod.java:207)
	at org.springframework.web.method.support.InvocableHandlerMethod.invokeForRequest(InvocableHandlerMethod.java:152)
	at org.springframework.web.servlet.mvc.method.annotation.ServletInvocableHandlerMethod.invokeAndHandle(ServletInvocableHandlerMethod.java:117)
	at org.springframework.web.servlet.mvc.method.annotation.RequestMappingHandlerAdapter.invokeHandlerMethod(RequestMappingHandlerAdapter.java:884)
	at org.springframework.web.servlet.mvc.method.annotation.RequestMappingHandlerAdapter.handleInternal(RequestMappingHandlerAdapter.java:797)
	at org.springframework.web.servlet.mvc.method.AbstractHandlerMethodAdapter.handle(AbstractHandlerMethodAdapter.java:87)
	at org.springframework.web.servlet.DispatcherServlet.doDispatch(DispatcherServlet.java:1080)
	at org.springframework.web.servlet.DispatcherServlet.doService(DispatcherServlet.java:973)
	at org.springframework.web.servlet.FrameworkServlet.processRequest(FrameworkServlet.java:1011)
	at org.springframework.web.servlet.FrameworkServlet.doGet(FrameworkServlet.java:903)
	at jakarta.servlet.http.HttpServlet.service(HttpServlet.java:705)
	at org.springframework.web.servlet.FrameworkServlet.service(FrameworkServlet.java:885)
	at jakarta.servlet.http.HttpServlet.service(HttpServlet.java:814)
	at org.apache.catalina.core.ApplicationFilterChain.internalDoFilter(ApplicationFilterChain.java:223)
	at org.apache.catalina.core.ApplicationFilterChain.doFilter(ApplicationFilterChain.java:158)
	at org.apache.tomcat.websocket.server.WsFilter.doFilter(WsFilter.java:53)
	at org.apache.catalina.core.ApplicationFilterChain.internalDoFilter(ApplicationFilterChain.java:185)
	at org.apache.catalina.core.ApplicationFilterChain.doFilter(ApplicationFilterChain.java:158)
	at org.springframework.web.filter.RequestContextFilter.doFilterInternal(RequestContextFilter.java:100)
	at org.springframework.web.filter.OncePerRequestFilter.doFilter(OncePerRequestFilter.java:116)
	at org.apache.catalina.core.ApplicationFilterChain.internalDoFilter(ApplicationFilterChain.java:185)
	at org.apache.catalina.core.ApplicationFilterChain.doFilter(ApplicationFilterChain.java:158)
	at org.springframework.web.filter.FormContentFilter.doFilterInternal(FormContentFilter.java:93)
	at org.springframework.web.filter.OncePerRequestFilter.doFilter(OncePerRequestFilter.java:116)
	at org.apache.catalina.core.ApplicationFilterChain.internalDoFilter(ApplicationFilterChain.java:185)
	at org.apache.catalina.core.ApplicationFilterChain.doFilter(ApplicationFilterChain.java:158)
	at org.springframework.web.filter.CharacterEncodingFilter.doFilterInternal(CharacterEncodingFilter.java:201)
	at org.springframework.web.filter.OncePerRequestFilter.doFilter(OncePerRequestFilter.java:116)
	at org.apache.catalina.core.ApplicationFilterChain.internalDoFilter(ApplicationFilterChain.java:185)
	at org.apache.catalina.core.ApplicationFilterChain.doFilter(ApplicationFilterChain.java:158)
	at org.apache.catalina.core.StandardWrapperValve.invoke(StandardWrapperValve.java:177)
	at org.apache.catalina.core.StandardContextValve.invoke(StandardContextValve.java:97)
	at org.apache.catalina.authenticator.AuthenticatorBase.invoke(AuthenticatorBase.java:542)
	at org.apache.catalina.core.StandardHostValve.invoke(StandardHostValve.java:119)
	at org.apache.catalina.valves.ErrorReportValve.invoke(ErrorReportValve.java:92)
	at org.apache.catalina.core.StandardEngineValve.invoke(StandardEngineValve.java:78)
	at org.apache.catalina.connector.CoyoteAdapter.service(CoyoteAdapter.java:357)
	at org.apache.coyote.http11.Http11Processor.service(Http11Processor.java:400)
	at org.apache.coyote.AbstractProcessorLight.process(AbstractProcessorLight.java:65)
	at org.apache.coyote.AbstractProtocol$ConnectionHandler.process(AbstractProtocol.java:859)
	at org.apache.tomcat.util.net.NioEndpoint$SocketProcessor.doRun(NioEndpoint.java:1734)
	at org.apache.tomcat.util.net.SocketProcessorBase.run(SocketProcessorBase.java:52)
	at org.apache.tomcat.util.threads.ThreadPoolExecutor.runWorker(ThreadPoolExecutor.java:1191)
	at org.apache.tomcat.util.threads.ThreadPoolExecutor$Worker.run(ThreadPoolExecutor.java:659)
	at org.apache.tomcat.util.threads.TaskThread$WrappingRunnable.run(TaskThread.java:61)
	at java.base/java.lang.Thread.run(Thread.java:833)
Caused by: io.lettuce.core.RedisConnectionException: Unable to connect to localhost/<unresolved>:6379
	at io.lettuce.core.RedisConnectionException.create(RedisConnectionException.java:78)
	at io.lettuce.core.RedisConnectionException.create(RedisConnectionException.java:56)
	at io.lettuce.core.AbstractRedisClient.getConnection(AbstractRedisClient.java:350)
	at io.lettuce.core.RedisClient.connect(RedisClient.java:216)
	at org.springframework.data.redis.connection.lettuce.StandaloneConnectionProvider.lambda$getConnection$1(StandaloneConnectionProvider.java:111)
	at java.base/java.util.Optional.orElseGet(Optional.java:364)
	at org.springframework.data.redis.connection.lettuce.StandaloneConnectionProvider.getConnection(StandaloneConnectionProvider.java:111)
	at org.springframework.data.redis.connection.lettuce.LettuceConnectionFactory$ExceptionTranslatingConnectionProvider.getConnection(LettuceConnectionFactory.java:1531)
	... 93 common frames omitted
Caused by: io.netty.channel.AbstractChannel$AnnotatedConnectException: Connection refused: no further information: localhost/127.0.0.1:6379
Caused by: java.net.ConnectException: Connection refused: no further information
	at java.base/sun.nio.ch.Net.pollConnect(Native Method)
	at java.base/sun.nio.ch.Net.pollConnectNow(Net.java:672)
	at java.base/sun.nio.ch.SocketChannelImpl.finishConnect(SocketChannelImpl.java:946)
	at io.netty.channel.socket.nio.NioSocketChannel.doFinishConnect(NioSocketChannel.java:337)
	at io.netty.channel.nio.AbstractNioChannel$AbstractNioUnsafe.finishConnect(AbstractNioChannel.java:334)
	at io.netty.channel.nio.NioEventLoop.processSelectedKey(NioEventLoop.java:776)
	at io.netty.channel.nio.NioEventLoop.processSelectedKeysOptimized(NioEventLoop.java:724)
	at io.netty.channel.nio.NioEventLoop.processSelectedKeys(NioEventLoop.java:650)
	at io.netty.channel.nio.NioEventLoop.run(NioEventLoop.java:562)
	at io.netty.util.concurrent.SingleThreadEventExecutor$4.run(SingleThreadEventExecutor.java:997)
	at io.netty.util.internal.ThreadExecutorMap$2.run(ThreadExecutorMap.java:74)
	at io.netty.util.concurrent.FastThreadLocalRunnable.run(FastThreadLocalRunnable.java:30)
	at java.base/java.lang.Thread.run(Thread.java:833)
20:42:42.663 [http-nio-8080-exec-5] ERROR c.t.t.g.e.GlobalExceptionHandler - [INTERNAL SERVER EXCEPTION EXCEPTION HANDLING] 
org.springframework.data.redis.RedisConnectionFailureException: Unable to connect to Redis
	at org.springframework.data.redis.connection.lettuce.LettuceConnectionFactory$ExceptionTranslatingConnectionProvider.translateException(LettuceConnectionFactory.java:1602)
	at org.springframework.data.redis.connection.lettuce.LettuceConnectionFactory$ExceptionTranslatingConnectionProvider.getConnection(LettuceConnectionFactory.java:1533)
	at org.springframework.data.redis.connection.lettuce.LettuceConnectionFactory$SharedConnection.getNativeConnection(LettuceConnectionFactory.java:1358)
	at org.springframework.data.redis.connection.lettuce.LettuceConnectionFactory$SharedConnection.getConnection(LettuceConnectionFactory.java:1341)
	at org.springframework.data.redis.connection.lettuce.LettuceConnectionFactory.getSharedConnection(LettuceConnectionFactory.java:1059)
	at org.springframework.data.redis.connection.lettuce.LettuceConnectionFactory.getConnection(LettuceConnectionFactory.java:398)
	at org.springframework.data.redis.cache.DefaultRedisCacheWriter.execute(DefaultRedisCacheWriter.java:272)
	at org.springframework.data.redis.cache.DefaultRedisCacheWriter.get(DefaultRedisCacheWriter.java:122)
	at org.springframework.data.redis.cache.RedisCache.lookup(RedisCache.java:86)
	at org.springframework.cache.support.AbstractValueAdaptingCache.get(AbstractValueAdaptingCache.java:58)
	at org.springframework.cache.interceptor.AbstractCacheInvoker.doGet(AbstractCacheInvoker.java:73)
	at org.springframework.cache.interceptor.CacheAspectSupport.findInCaches(CacheAspectSupport.java:571)
	at org.springframework.cache.interceptor.CacheAspectSupport.findCachedItem(CacheAspectSupport.java:536)
	at org.springframework.cache.interceptor.CacheAspectSupport.execute(CacheAspectSupport.java:402)
	at org.springframework.cache.interceptor.CacheAspectSupport.execute(CacheAspectSupport.java:345)
	at org.springframework.cache.interceptor.CacheInterceptor.invoke(CacheInterceptor.java:64)
	at org.springframework.aop.framework.ReflectiveMethodInvocation.proceed(ReflectiveMethodInvocation.java:184)
	at org.springframework.aop.framework.CglibAopProxy$CglibMethodInvocation.proceed(CglibAopProxy.java:752)
	at org.springframework.aop.framework.CglibAopProxy$DynamicAdvisedInterceptor.intercept(CglibAopProxy.java:703)
	at com.thehyundai.thepet.domain.mypet.pet.PetServiceImpl$$SpringCGLIB$$0.myPet(<generated>)
	at com.thehyundai.thepet.domain.mypet.pet.PetController.myPet(PetController.java:35)
	at java.base/jdk.internal.reflect.NativeMethodAccessorImpl.invoke0(Native Method)
	at java.base/jdk.internal.reflect.NativeMethodAccessorImpl.invoke(NativeMethodAccessorImpl.java:77)
	at java.base/jdk.internal.reflect.DelegatingMethodAccessorImpl.invoke(DelegatingMethodAccessorImpl.java:43)
	at java.base/java.lang.reflect.Method.invoke(Method.java:568)
	at org.springframework.aop.support.AopUtils.invokeJoinpointUsingReflection(AopUtils.java:343)
	at org.springframework.aop.framework.ReflectiveMethodInvocation.invokeJoinpoint(ReflectiveMethodInvocation.java:196)
	at org.springframework.aop.framework.ReflectiveMethodInvocation.proceed(ReflectiveMethodInvocation.java:163)
	at org.springframework.aop.framework.CglibAopProxy$CglibMethodInvocation.proceed(CglibAopProxy.java:752)
	at org.springframework.aop.aspectj.MethodInvocationProceedingJoinPoint.proceed(MethodInvocationProceedingJoinPoint.java:89)
	at com.thehyundai.thepet.global.timetrace.TimeTraceAspect.traceTime(TimeTraceAspect.java:27)
	at java.base/jdk.internal.reflect.NativeMethodAccessorImpl.invoke0(Native Method)
	at java.base/jdk.internal.reflect.NativeMethodAccessorImpl.invoke(NativeMethodAccessorImpl.java:77)
	at java.base/jdk.internal.reflect.DelegatingMethodAccessorImpl.invoke(DelegatingMethodAccessorImpl.java:43)
	at java.base/java.lang.reflect.Method.invoke(Method.java:568)
	at org.springframework.aop.aspectj.AbstractAspectJAdvice.invokeAdviceMethodWithGivenArgs(AbstractAspectJAdvice.java:633)
	at org.springframework.aop.aspectj.AbstractAspectJAdvice.invokeAdviceMethod(AbstractAspectJAdvice.java:623)
	at org.springframework.aop.aspectj.AspectJAroundAdvice.invoke(AspectJAroundAdvice.java:71)
	at org.springframework.aop.framework.ReflectiveMethodInvocation.proceed(ReflectiveMethodInvocation.java:173)
	at org.springframework.aop.framework.CglibAopProxy$CglibMethodInvocation.proceed(CglibAopProxy.java:752)
	at org.springframework.aop.interceptor.ExposeInvocationInterceptor.invoke(ExposeInvocationInterceptor.java:97)
	at org.springframework.aop.framework.ReflectiveMethodInvocation.proceed(ReflectiveMethodInvocation.java:184)
	at org.springframework.aop.framework.CglibAopProxy$CglibMethodInvocation.proceed(CglibAopProxy.java:752)
	at org.springframework.aop.framework.CglibAopProxy$DynamicAdvisedInterceptor.intercept(CglibAopProxy.java:703)
	at com.thehyundai.thepet.domain.mypet.pet.PetController$$SpringCGLIB$$0.myPet(<generated>)
	at java.base/jdk.internal.reflect.NativeMethodAccessorImpl.invoke0(Native Method)
	at java.base/jdk.internal.reflect.NativeMethodAccessorImpl.invoke(NativeMethodAccessorImpl.java:77)
	at java.base/jdk.internal.reflect.DelegatingMethodAccessorImpl.invoke(DelegatingMethodAccessorImpl.java:43)
	at java.base/java.lang.reflect.Method.invoke(Method.java:568)
	at org.springframework.web.method.support.InvocableHandlerMethod.doInvoke(InvocableHandlerMethod.java:207)
	at org.springframework.web.method.support.InvocableHandlerMethod.invokeForRequest(InvocableHandlerMethod.java:152)
	at org.springframework.web.servlet.mvc.method.annotation.ServletInvocableHandlerMethod.invokeAndHandle(ServletInvocableHandlerMethod.java:117)
	at org.springframework.web.servlet.mvc.method.annotation.RequestMappingHandlerAdapter.invokeHandlerMethod(RequestMappingHandlerAdapter.java:884)
	at org.springframework.web.servlet.mvc.method.annotation.RequestMappingHandlerAdapter.handleInternal(RequestMappingHandlerAdapter.java:797)
	at org.springframework.web.servlet.mvc.method.AbstractHandlerMethodAdapter.handle(AbstractHandlerMethodAdapter.java:87)
	at org.springframework.web.servlet.DispatcherServlet.doDispatch(DispatcherServlet.java:1080)
	at org.springframework.web.servlet.DispatcherServlet.doService(DispatcherServlet.java:973)
	at org.springframework.web.servlet.FrameworkServlet.processRequest(FrameworkServlet.java:1011)
	at org.springframework.web.servlet.FrameworkServlet.doGet(FrameworkServlet.java:903)
	at jakarta.servlet.http.HttpServlet.service(HttpServlet.java:705)
	at org.springframework.web.servlet.FrameworkServlet.service(FrameworkServlet.java:885)
	at jakarta.servlet.http.HttpServlet.service(HttpServlet.java:814)
	at org.apache.catalina.core.ApplicationFilterChain.internalDoFilter(ApplicationFilterChain.java:223)
	at org.apache.catalina.core.ApplicationFilterChain.doFilter(ApplicationFilterChain.java:158)
	at org.apache.tomcat.websocket.server.WsFilter.doFilter(WsFilter.java:53)
	at org.apache.catalina.core.ApplicationFilterChain.internalDoFilter(ApplicationFilterChain.java:185)
	at org.apache.catalina.core.ApplicationFilterChain.doFilter(ApplicationFilterChain.java:158)
	at org.springframework.web.filter.RequestContextFilter.doFilterInternal(RequestContextFilter.java:100)
	at org.springframework.web.filter.OncePerRequestFilter.doFilter(OncePerRequestFilter.java:116)
	at org.apache.catalina.core.ApplicationFilterChain.internalDoFilter(ApplicationFilterChain.java:185)
	at org.apache.catalina.core.ApplicationFilterChain.doFilter(ApplicationFilterChain.java:158)
	at org.springframework.web.filter.FormContentFilter.doFilterInternal(FormContentFilter.java:93)
	at org.springframework.web.filter.OncePerRequestFilter.doFilter(OncePerRequestFilter.java:116)
	at org.apache.catalina.core.ApplicationFilterChain.internalDoFilter(ApplicationFilterChain.java:185)
	at org.apache.catalina.core.ApplicationFilterChain.doFilter(ApplicationFilterChain.java:158)
	at org.springframework.web.filter.CharacterEncodingFilter.doFilterInternal(CharacterEncodingFilter.java:201)
	at org.springframework.web.filter.OncePerRequestFilter.doFilter(OncePerRequestFilter.java:116)
	at org.apache.catalina.core.ApplicationFilterChain.internalDoFilter(ApplicationFilterChain.java:185)
	at org.apache.catalina.core.ApplicationFilterChain.doFilter(ApplicationFilterChain.java:158)
	at org.apache.catalina.core.StandardWrapperValve.invoke(StandardWrapperValve.java:177)
	at org.apache.catalina.core.StandardContextValve.invoke(StandardContextValve.java:97)
	at org.apache.catalina.authenticator.AuthenticatorBase.invoke(AuthenticatorBase.java:542)
	at org.apache.catalina.core.StandardHostValve.invoke(StandardHostValve.java:119)
	at org.apache.catalina.valves.ErrorReportValve.invoke(ErrorReportValve.java:92)
	at org.apache.catalina.core.StandardEngineValve.invoke(StandardEngineValve.java:78)
	at org.apache.catalina.connector.CoyoteAdapter.service(CoyoteAdapter.java:357)
	at org.apache.coyote.http11.Http11Processor.service(Http11Processor.java:400)
	at org.apache.coyote.AbstractProcessorLight.process(AbstractProcessorLight.java:65)
	at org.apache.coyote.AbstractProtocol$ConnectionHandler.process(AbstractProtocol.java:859)
	at org.apache.tomcat.util.net.NioEndpoint$SocketProcessor.doRun(NioEndpoint.java:1734)
	at org.apache.tomcat.util.net.SocketProcessorBase.run(SocketProcessorBase.java:52)
	at org.apache.tomcat.util.threads.ThreadPoolExecutor.runWorker(ThreadPoolExecutor.java:1191)
	at org.apache.tomcat.util.threads.ThreadPoolExecutor$Worker.run(ThreadPoolExecutor.java:659)
	at org.apache.tomcat.util.threads.TaskThread$WrappingRunnable.run(TaskThread.java:61)
	at java.base/java.lang.Thread.run(Thread.java:833)
Caused by: io.lettuce.core.RedisConnectionException: Unable to connect to localhost/<unresolved>:6379
	at io.lettuce.core.RedisConnectionException.create(RedisConnectionException.java:78)
	at io.lettuce.core.RedisConnectionException.create(RedisConnectionException.java:56)
	at io.lettuce.core.AbstractRedisClient.getConnection(AbstractRedisClient.java:350)
	at io.lettuce.core.RedisClient.connect(RedisClient.java:216)
	at org.springframework.data.redis.connection.lettuce.StandaloneConnectionProvider.lambda$getConnection$1(StandaloneConnectionProvider.java:111)
	at java.base/java.util.Optional.orElseGet(Optional.java:364)
	at org.springframework.data.redis.connection.lettuce.StandaloneConnectionProvider.getConnection(StandaloneConnectionProvider.java:111)
	at org.springframework.data.redis.connection.lettuce.LettuceConnectionFactory$ExceptionTranslatingConnectionProvider.getConnection(LettuceConnectionFactory.java:1531)
	... 93 common frames omitted
Caused by: io.netty.channel.AbstractChannel$AnnotatedConnectException: Connection refused: no further information: localhost/127.0.0.1:6379
Caused by: java.net.ConnectException: Connection refused: no further information
	at java.base/sun.nio.ch.Net.pollConnect(Native Method)
	at java.base/sun.nio.ch.Net.pollConnectNow(Net.java:672)
	at java.base/sun.nio.ch.SocketChannelImpl.finishConnect(SocketChannelImpl.java:946)
	at io.netty.channel.socket.nio.NioSocketChannel.doFinishConnect(NioSocketChannel.java:337)
	at io.netty.channel.nio.AbstractNioChannel$AbstractNioUnsafe.finishConnect(AbstractNioChannel.java:334)
	at io.netty.channel.nio.NioEventLoop.processSelectedKey(NioEventLoop.java:776)
	at io.netty.channel.nio.NioEventLoop.processSelectedKeysOptimized(NioEventLoop.java:724)
	at io.netty.channel.nio.NioEventLoop.processSelectedKeys(NioEventLoop.java:650)
	at io.netty.channel.nio.NioEventLoop.run(NioEventLoop.java:562)
	at io.netty.util.concurrent.SingleThreadEventExecutor$4.run(SingleThreadEventExecutor.java:997)
	at io.netty.util.internal.ThreadExecutorMap$2.run(ThreadExecutorMap.java:74)
	at io.netty.util.concurrent.FastThreadLocalRunnable.run(FastThreadLocalRunnable.java:30)
	at java.base/java.lang.Thread.run(Thread.java:833)
20:42:43.494 [http-nio-8080-exec-6] INFO  c.t.t.d.product.ProductController - FilterVO(mainFilter=, subFilter=[], proteinFilter=[], page=null)
20:42:43.537 [http-nio-8080-exec-6] INFO  c.t.t.d.product.ProductServiceImpl - ProductListVO(products=[com.thehyundai.thepet.domain.product.ProductVO@bcc092a3, com.thehyundai.thepet.domain.product.ProductVO@bcc092a4, com.thehyundai.thepet.domain.product.ProductVO@bcc092a5, com.thehyundai.thepet.domain.product.ProductVO@bcc092a6, com.thehyundai.thepet.domain.product.ProductVO@bcc092a7, com.thehyundai.thepet.domain.product.ProductVO@bcc092a8, com.thehyundai.thepet.domain.product.ProductVO@bcc092a9, com.thehyundai.thepet.domain.product.ProductVO@bcc092aa, com.thehyundai.thepet.domain.product.ProductVO@bcc092c0, com.thehyundai.thepet.domain.product.ProductVO@bcc092c1, com.thehyundai.thepet.domain.product.ProductVO@bcc092c2, com.thehyundai.thepet.domain.product.ProductVO@bcc092c3, com.thehyundai.thepet.domain.product.ProductVO@bcc092c4, com.thehyundai.thepet.domain.product.ProductVO@bcc092c5, com.thehyundai.thepet.domain.product.ProductVO@bcc092c6, com.thehyundai.thepet.domain.product.ProductVO@bcc092c7, com.thehyundai.thepet.domain.product.ProductVO@bcc092c8, com.thehyundai.thepet.domain.product.ProductVO@bcc092c9, com.thehyundai.thepet.domain.product.ProductVO@bcc092df, com.thehyundai.thepet.domain.product.ProductVO@bcc092e0], count=null)
20:42:43.548 [http-nio-8080-exec-6] INFO  c.t.t.d.product.ProductServiceImpl - ProductListVO(products=[com.thehyundai.thepet.domain.product.ProductVO@bcc092a3, com.thehyundai.thepet.domain.product.ProductVO@bcc092a4, com.thehyundai.thepet.domain.product.ProductVO@bcc092a5, com.thehyundai.thepet.domain.product.ProductVO@bcc092a6, com.thehyundai.thepet.domain.product.ProductVO@bcc092a7, com.thehyundai.thepet.domain.product.ProductVO@bcc092a8, com.thehyundai.thepet.domain.product.ProductVO@bcc092a9, com.thehyundai.thepet.domain.product.ProductVO@bcc092aa, com.thehyundai.thepet.domain.product.ProductVO@bcc092c0, com.thehyundai.thepet.domain.product.ProductVO@bcc092c1, com.thehyundai.thepet.domain.product.ProductVO@bcc092c2, com.thehyundai.thepet.domain.product.ProductVO@bcc092c3, com.thehyundai.thepet.domain.product.ProductVO@bcc092c4, com.thehyundai.thepet.domain.product.ProductVO@bcc092c5, com.thehyundai.thepet.domain.product.ProductVO@bcc092c6, com.thehyundai.thepet.domain.product.ProductVO@bcc092c7, com.thehyundai.thepet.domain.product.ProductVO@bcc092c8, com.thehyundai.thepet.domain.product.ProductVO@bcc092c9, com.thehyundai.thepet.domain.product.ProductVO@bcc092df, com.thehyundai.thepet.domain.product.ProductVO@bcc092e0], count=2829)
20:43:00.653 [http-nio-8080-exec-9] WARN  o.s.c.LocalVariableTableParameterNameDiscoverer - Using deprecated '-debug' fallback for parameter name resolution. Compile the affected code with '-parameters' instead or avoid its introspection: com.thehyundai.thepet.domain.cart.CartController
20:43:03.251 [http-nio-8080-exec-10] INFO  c.t.t.d.product.ProductController - FilterVO(mainFilter=, subFilter=[], proteinFilter=[], page=null)
20:43:03.306 [http-nio-8080-exec-10] INFO  c.t.t.d.product.ProductServiceImpl - ProductListVO(products=[com.thehyundai.thepet.domain.product.ProductVO@bcc092a3, com.thehyundai.thepet.domain.product.ProductVO@bcc092a4, com.thehyundai.thepet.domain.product.ProductVO@bcc092a5, com.thehyundai.thepet.domain.product.ProductVO@bcc092a6, com.thehyundai.thepet.domain.product.ProductVO@bcc092a7, com.thehyundai.thepet.domain.product.ProductVO@bcc092a8, com.thehyundai.thepet.domain.product.ProductVO@bcc092a9, com.thehyundai.thepet.domain.product.ProductVO@bcc092aa, com.thehyundai.thepet.domain.product.ProductVO@bcc092c0, com.thehyundai.thepet.domain.product.ProductVO@bcc092c1, com.thehyundai.thepet.domain.product.ProductVO@bcc092c2, com.thehyundai.thepet.domain.product.ProductVO@bcc092c3, com.thehyundai.thepet.domain.product.ProductVO@bcc092c4, com.thehyundai.thepet.domain.product.ProductVO@bcc092c5, com.thehyundai.thepet.domain.product.ProductVO@bcc092c6, com.thehyundai.thepet.domain.product.ProductVO@bcc092c7, com.thehyundai.thepet.domain.product.ProductVO@bcc092c8, com.thehyundai.thepet.domain.product.ProductVO@bcc092c9, com.thehyundai.thepet.domain.product.ProductVO@bcc092df, com.thehyundai.thepet.domain.product.ProductVO@bcc092e0], count=null)
20:43:03.323 [http-nio-8080-exec-10] INFO  c.t.t.d.product.ProductServiceImpl - ProductListVO(products=[com.thehyundai.thepet.domain.product.ProductVO@bcc092a3, com.thehyundai.thepet.domain.product.ProductVO@bcc092a4, com.thehyundai.thepet.domain.product.ProductVO@bcc092a5, com.thehyundai.thepet.domain.product.ProductVO@bcc092a6, com.thehyundai.thepet.domain.product.ProductVO@bcc092a7, com.thehyundai.thepet.domain.product.ProductVO@bcc092a8, com.thehyundai.thepet.domain.product.ProductVO@bcc092a9, com.thehyundai.thepet.domain.product.ProductVO@bcc092aa, com.thehyundai.thepet.domain.product.ProductVO@bcc092c0, com.thehyundai.thepet.domain.product.ProductVO@bcc092c1, com.thehyundai.thepet.domain.product.ProductVO@bcc092c2, com.thehyundai.thepet.domain.product.ProductVO@bcc092c3, com.thehyundai.thepet.domain.product.ProductVO@bcc092c4, com.thehyundai.thepet.domain.product.ProductVO@bcc092c5, com.thehyundai.thepet.domain.product.ProductVO@bcc092c6, com.thehyundai.thepet.domain.product.ProductVO@bcc092c7, com.thehyundai.thepet.domain.product.ProductVO@bcc092c8, com.thehyundai.thepet.domain.product.ProductVO@bcc092c9, com.thehyundai.thepet.domain.product.ProductVO@bcc092df, com.thehyundai.thepet.domain.product.ProductVO@bcc092e0], count=2829)
20:45:49.211 [SpringApplicationShutdownHook] INFO  com.zaxxer.hikari.HikariDataSource - HikariPool-1 - Shutdown initiated...
20:45:49.337 [SpringApplicationShutdownHook] INFO  com.zaxxer.hikari.HikariDataSource - HikariPool-1 - Shutdown completed.
20:45:55.114 [main] INFO  c.t.thepet.ThepetApplication - Starting ThepetApplication using Java 17.0.7 with PID 8940 (C:\dev\thepet\out\production\classes started by KOSA in C:\dev\thepet)
20:45:55.116 [main] INFO  c.t.thepet.ThepetApplication - No active profile set, falling back to 1 default profile: "default"
20:45:56.263 [main] INFO  o.s.d.r.c.RepositoryConfigurationDelegate - Multiple Spring Data modules found, entering strict repository configuration mode
20:45:56.267 [main] INFO  o.s.d.r.c.RepositoryConfigurationDelegate - Bootstrapping Spring Data Redis repositories in DEFAULT mode.
20:45:56.309 [main] INFO  o.s.d.r.c.RepositoryConfigurationDelegate - Finished Spring Data repository scanning in 25 ms. Found 0 Redis repository interfaces.
20:45:57.513 [main] INFO  o.s.b.w.e.tomcat.TomcatWebServer - Tomcat initialized with port(s): 8080 (http)
20:45:57.528 [main] INFO  o.a.coyote.http11.Http11NioProtocol - Initializing ProtocolHandler ["http-nio-8080"]
20:45:57.529 [main] INFO  o.a.catalina.core.StandardService - Starting service [Tomcat]
20:45:57.529 [main] INFO  o.a.catalina.core.StandardEngine - Starting Servlet engine: [Apache Tomcat/10.1.5]
20:45:57.676 [main] INFO  o.a.c.c.C.[Tomcat].[localhost].[/] - Initializing Spring embedded WebApplicationContext
20:45:57.677 [main] INFO  o.s.b.w.s.c.ServletWebServerApplicationContext - Root WebApplicationContext: initialization completed in 2503 ms
20:46:00.352 [main] INFO  o.a.coyote.http11.Http11NioProtocol - Starting ProtocolHandler ["http-nio-8080"]
20:46:00.380 [main] INFO  o.s.b.w.e.tomcat.TomcatWebServer - Tomcat started on port(s): 8080 (http) with context path ''
20:46:00.391 [main] INFO  c.t.thepet.ThepetApplication - Started ThepetApplication in 6.01 seconds (process running for 6.688)
20:46:06.474 [http-nio-8080-exec-1] INFO  o.a.c.c.C.[Tomcat].[localhost].[/] - Initializing Spring DispatcherServlet 'dispatcherServlet'
20:46:06.474 [http-nio-8080-exec-1] INFO  o.s.web.servlet.DispatcherServlet - Initializing Servlet 'dispatcherServlet'
20:46:06.476 [http-nio-8080-exec-1] INFO  o.s.web.servlet.DispatcherServlet - Completed initialization in 1 ms
20:46:06.542 [http-nio-8080-exec-1] WARN  o.s.c.LocalVariableTableParameterNameDiscoverer - Using deprecated '-debug' fallback for parameter name resolution. Compile the affected code with '-parameters' instead or avoid its introspection: com.thehyundai.thepet.domain.product.ProductController
20:46:06.566 [http-nio-8080-exec-1] INFO  c.t.t.d.product.ProductController - FilterVO(mainFilter=, subFilter=[], proteinFilter=[], page=null)
20:46:06.641 [http-nio-8080-exec-1] INFO  com.zaxxer.hikari.HikariDataSource - HikariPool-1 - Starting...
20:46:07.134 [http-nio-8080-exec-1] INFO  com.zaxxer.hikari.pool.HikariPool - HikariPool-1 - Added connection oracle.jdbc.driver.T4CConnection@47da90ce
20:46:07.135 [http-nio-8080-exec-1] INFO  com.zaxxer.hikari.HikariDataSource - HikariPool-1 - Start completed.
20:46:07.332 [http-nio-8080-exec-1] INFO  c.t.t.d.product.ProductServiceImpl - ProductListVO(products=[com.thehyundai.thepet.domain.product.ProductVO@bcc092a3, com.thehyundai.thepet.domain.product.ProductVO@bcc092a4, com.thehyundai.thepet.domain.product.ProductVO@bcc092a5, com.thehyundai.thepet.domain.product.ProductVO@bcc092a6, com.thehyundai.thepet.domain.product.ProductVO@bcc092a7, com.thehyundai.thepet.domain.product.ProductVO@bcc092a8, com.thehyundai.thepet.domain.product.ProductVO@bcc092a9, com.thehyundai.thepet.domain.product.ProductVO@bcc092aa, com.thehyundai.thepet.domain.product.ProductVO@bcc092c0, com.thehyundai.thepet.domain.product.ProductVO@bcc092c1, com.thehyundai.thepet.domain.product.ProductVO@bcc092c2, com.thehyundai.thepet.domain.product.ProductVO@bcc092c3, com.thehyundai.thepet.domain.product.ProductVO@bcc092c4, com.thehyundai.thepet.domain.product.ProductVO@bcc092c5, com.thehyundai.thepet.domain.product.ProductVO@bcc092c6, com.thehyundai.thepet.domain.product.ProductVO@bcc092c7, com.thehyundai.thepet.domain.product.ProductVO@bcc092c8, com.thehyundai.thepet.domain.product.ProductVO@bcc092c9, com.thehyundai.thepet.domain.product.ProductVO@bcc092df, com.thehyundai.thepet.domain.product.ProductVO@bcc092e0], count=null)
20:46:07.345 [http-nio-8080-exec-1] INFO  c.t.t.d.product.ProductServiceImpl - ProductListVO(products=[com.thehyundai.thepet.domain.product.ProductVO@bcc092a3, com.thehyundai.thepet.domain.product.ProductVO@bcc092a4, com.thehyundai.thepet.domain.product.ProductVO@bcc092a5, com.thehyundai.thepet.domain.product.ProductVO@bcc092a6, com.thehyundai.thepet.domain.product.ProductVO@bcc092a7, com.thehyundai.thepet.domain.product.ProductVO@bcc092a8, com.thehyundai.thepet.domain.product.ProductVO@bcc092a9, com.thehyundai.thepet.domain.product.ProductVO@bcc092aa, com.thehyundai.thepet.domain.product.ProductVO@bcc092c0, com.thehyundai.thepet.domain.product.ProductVO@bcc092c1, com.thehyundai.thepet.domain.product.ProductVO@bcc092c2, com.thehyundai.thepet.domain.product.ProductVO@bcc092c3, com.thehyundai.thepet.domain.product.ProductVO@bcc092c4, com.thehyundai.thepet.domain.product.ProductVO@bcc092c5, com.thehyundai.thepet.domain.product.ProductVO@bcc092c6, com.thehyundai.thepet.domain.product.ProductVO@bcc092c7, com.thehyundai.thepet.domain.product.ProductVO@bcc092c8, com.thehyundai.thepet.domain.product.ProductVO@bcc092c9, com.thehyundai.thepet.domain.product.ProductVO@bcc092df, com.thehyundai.thepet.domain.product.ProductVO@bcc092e0], count=2829)
20:46:12.072 [http-nio-8080-exec-3] WARN  o.s.c.LocalVariableTableParameterNameDiscoverer - Using deprecated '-debug' fallback for parameter name resolution. Compile the affected code with '-parameters' instead or avoid its introspection: com.thehyundai.thepet.domain.cart.CartController
21:07:30.337 [SpringApplicationShutdownHook] INFO  com.zaxxer.hikari.HikariDataSource - HikariPool-1 - Shutdown initiated...
21:07:30.475 [SpringApplicationShutdownHook] INFO  com.zaxxer.hikari.HikariDataSource - HikariPool-1 - Shutdown completed.
